<?xml version="1.0" encoding="UTF-8"?>
<!-- Generated by org.testng.reporters.JUnitReportReporter -->
<testsuite hostname="DC5CG1244B39" failures="0" tests="1" name="Tests_GET" time="1.594" errors="0" timestamp="2022-01-10T11:55:50 NZDT" skipped="0">
  <testcase classname="Tests_GET" name="test_1" time="1.594"/>
  <system-out/>
</testsuite> <!-- Tests_GET -->
