<?xml version="1.0" encoding="UTF-8"?>
<!-- Generated by org.testng.reporters.JUnitReportReporter -->
<testsuite hostname="DC5CG1244B39" failures="0" tests="2" name="demo.DataDrivenExamples1" time="0.942" errors="0" timestamp="2022-01-11T17:37:04 NZDT" skipped="0">
  <testcase classname="demo.DataDrivenExamples1" name="test_post" time="0.037"/>
  <system-out/>
  <testcase classname="demo.DataDrivenExamples1" name="test_post" time="0.905"/>
  <system-out/>
</testsuite> <!-- demo.DataDrivenExamples1 -->
