<?xml version="1.0" encoding="UTF-8"?>
<!-- Generated by org.testng.reporters.JUnitReportReporter -->
<testsuite hostname="DC5CG1244B39" failures="0" tests="1" name="Tests_POST" time="1.644" errors="0" timestamp="2022-01-10T12:25:29 NZDT" skipped="0">
  <testcase classname="Tests_POST" name="test_4_delete" time="1.644"/>
  <system-out/>
</testsuite> <!-- Tests_POST -->
