<?xml version="1.0" encoding="UTF-8"?>
<!-- Generated by org.testng.reporters.JUnitReportReporter -->
<testsuite hostname="DC5CG1244B39" failures="0" tests="1" name="tests.SoapXMLRequest" time="1.850" errors="0" timestamp="2022-01-12T09:58:53 NZDT" skipped="0">
  <testcase classname="tests.SoapXMLRequest" name="validateSoapXML" time="1.850"/>
  <system-out/>
</testsuite> <!-- tests.SoapXMLRequest -->
