<?xml version="1.0" encoding="UTF-8"?>
<!-- Generated by org.testng.reporters.JUnitReportReporter -->
<testsuite hostname="DC5CG1244B39" failures="0" tests="2" name="Test01_GET" time="1.484" errors="0" timestamp="2022-01-10T11:22:05 NZDT" skipped="0">
  <testcase classname="Test01_GET" name="test_01" time="1.005"/>
  <system-out/>
  <testcase classname="Test01_GET" name="test_02" time="0.479"/>
  <system-out/>
</testsuite> <!-- Test01_GET -->
