<?xml version="1.0" encoding="UTF-8"?>
<!-- Generated by org.testng.reporters.JUnitReportReporter -->
<testsuite hostname="DC5CG1244B39" failures="0" tests="1" name="tests.XMLSchemaValidation" time="1.713" errors="0" timestamp="2022-01-12T10:37:55 NZDT" skipped="0">
  <testcase classname="tests.XMLSchemaValidation" name="schemaValidation" time="1.713"/>
  <system-out/>
</testsuite> <!-- tests.XMLSchemaValidation -->
