<?xml version="1.0" encoding="UTF-8"?>
<!-- Generated by org.testng.reporters.JUnitReportReporter -->
<testsuite hostname="DC5CG1244B39" failures="0" tests="1" name="Examples" time="0.994" errors="0" timestamp="2022-01-10T13:34:48 NZDT" skipped="0">
  <testcase classname="Examples" name="test_delete" time="0.994"/>
  <system-out/>
</testsuite> <!-- Examples -->
