<?xml version="1.0" encoding="UTF-8"?>
<!-- Generated by org.testng.reporters.JUnitReportReporter -->
<testsuite hostname="DC5CG1244B39" failures="0" tests="4" name="DataDrivenExamples1" time="0.986" errors="0" timestamp="2022-01-10T14:02:54 NZDT" skipped="0">
  <testcase classname="DataDrivenExamples1" name="test_delete" time="0.882"/>
  <system-out/>
  <testcase classname="DataDrivenExamples1" name="test_delete" time="0.044"/>
  <system-out/>
  <testcase classname="DataDrivenExamples1" name="test_delete" time="0.027"/>
  <system-out/>
  <testcase classname="DataDrivenExamples1" name="test_delete" time="0.033"/>
  <system-out/>
</testsuite> <!-- DataDrivenExamples1 -->
